#
# There is insufficient memory for the Java Runtime Environment to continue.
# Native memory allocation (malloc) failed to allocate 823536 bytes. Error detail: Chunk::new
# Possible reasons:
#   The system is out of physical RAM or swap space
#   This process is running with CompressedOops enabled, and the Java Heap may be blocking the growth of the native heap
# Possible solutions:
#   Reduce memory load on the system
#   Increase physical memory or swap space
#   Check if swap backing store is full
#   Decrease Java heap size (-Xmx/-Xms)
#   Decrease number of Java threads
#   Decrease Java thread stack sizes (-Xss)
#   Set larger code cache with -XX:ReservedCodeCacheSize=
#   JVM is running with Unscaled Compressed Oops mode in which the Java heap is
#     placed in the first 4GB address space. The Java Heap base address is the
#     maximum limit for the native heap growth. Please use -XX:HeapBaseMinAddress
#     to set the Java Heap base and to place the Java Heap above 4GB virtual address.
# This output file may be truncated or incomplete.
#
#  Out of Memory Error (arena.cpp:168), pid=10248, tid=17432
#
# JRE version: OpenJDK Runtime Environment Temurin-21.0.8+9 (21.0.8+9) (build 21.0.8+9-LTS)
# Java VM: OpenJDK 64-Bit Server VM Temurin-21.0.8+9 (21.0.8+9-LTS, mixed mode, sharing, tiered, compressed oops, compressed class ptrs, parallel gc, windows-amd64)
# No core dump will be written. Minidumps are not enabled by default on client versions of Windows
#

---------------  S U M M A R Y ------------

Command Line: --add-modules=ALL-SYSTEM --add-opens=java.base/java.util=ALL-UNNAMED --add-opens=java.base/java.lang=ALL-UNNAMED --add-opens=java.base/sun.nio.fs=ALL-UNNAMED -Declipse.application=org.eclipse.jdt.ls.core.id1 -Dosgi.bundles.defaultStartLevel=4 -Declipse.product=org.eclipse.jdt.ls.core.product -Djava.import.generatesMetadataFilesAtProjectRoot=false -DDetectVMInstallationsJob.disabled=true -Dfile.encoding=utf8 -XX:+UseParallelGC -XX:GCTimeRatio=4 -XX:AdaptiveSizePolicyWeight=90 -Dsun.zip.disableMemoryMapping=true -Xmx2G -Xms100m -Xlog:disable -javaagent:c:\Users\CK-2018(5CG10461ML)\.vscode\extensions\redhat.java-1.45.0-win32-x64\lombok\lombok-1.18.39-4050.jar -XX:+HeapDumpOnOutOfMemoryError -XX:HeapDumpPath=c:\Users\CK-2018(5CG10461ML)\AppData\Roaming\Code\User\workspaceStorage\d7d019ab5224b61c35b59a270ad635a7\redhat.java -Daether.dependencyCollector.impl=bf c:\Users\CK-2018(5CG10461ML)\.vscode\extensions\redhat.java-1.45.0-win32-x64\server\plugins\org.eclipse.equinox.launcher_1.7.0.v20250519-0528.jar -configuration c:\Users\CK-2018(5CG10461ML)\AppData\Roaming\Code\User\globalStorage\redhat.java\1.45.0\config_win -data c:\Users\CK-2018(5CG10461ML)\AppData\Roaming\Code\User\workspaceStorage\d7d019ab5224b61c35b59a270ad635a7\redhat.java\jdt_ws --pipe=\\.\pipe\lsp-d37ac3c279a56a4abde5539a0eb9ce67-sock

Host: Intel(R) Core(TM) i5-10210U CPU @ 1.60GHz, 8 cores, 7G,  Windows 10 , 64 bit Build 19041 (10.0.19041.3031)
Time: Sat Sep 20 03:14:15 2025 US Mountain Standard Time elapsed time: 52.292259 seconds (0d 0h 0m 52s)

---------------  T H R E A D  ---------------

Current thread (0x000001dd95cc0e40):  JavaThread "C2 CompilerThread0" daemon [_thread_in_native, id=17432, stack(0x0000002ef1500000,0x0000002ef1600000) (1024K)]


Current CompileTask:
C2:52292 10764   !   4       org.eclipse.jdt.internal.core.util.DeduplicationUtil::intern (149 bytes)

Stack: [0x0000002ef1500000,0x0000002ef1600000]
Native frames: (J=compiled Java code, j=interpreted, Vv=VM code, C=native code)
V  [jvm.dll+0x6d2449]
V  [jvm.dll+0x8ae341]
V  [jvm.dll+0x8b08be]
V  [jvm.dll+0x8b0fa3]
V  [jvm.dll+0x280c96]
V  [jvm.dll+0xc581d]
V  [jvm.dll+0xc5d53]
V  [jvm.dll+0x3b9162]
V  [jvm.dll+0x385315]
V  [jvm.dll+0x38477a]
V  [jvm.dll+0x248ed0]
V  [jvm.dll+0x2484af]
V  [jvm.dll+0x1c89ee]
V  [jvm.dll+0x257d4d]
V  [jvm.dll+0x2562ea]
V  [jvm.dll+0x3f2d16]
V  [jvm.dll+0x857e6b]
V  [jvm.dll+0x6d0b0d]
C  [ucrtbase.dll+0x21bb2]
C  [KERNEL32.DLL+0x17614]
C  [ntdll.dll+0x526f1]


---------------  P R O C E S S  ---------------

Threads class SMR info:
_java_thread_list=0x000001dd80b45120, length=45, elements={
0x000001dd95d416e0, 0x000001dd95dfcad0, 0x000001dd95dfdc60, 0x000001dd95cb65c0,
0x000001dd95cb94e0, 0x000001dd95cbd0b0, 0x000001dd95cbdb00, 0x000001dd95cc0e40,
0x000001dd95cc1db0, 0x000001ddf30c1750, 0x000001ddf331d650, 0x000001ddf3c16bd0,
0x000001ddf3e402f0, 0x000001ddf3a54ae0, 0x000001ddf3a55510, 0x000001ddf43a9b40,
0x000001ddf43da030, 0x000001ddf3f39c60, 0x000001ddf3f3a2f0, 0x000001ddf3f3b6a0,
0x000001ddf3f3c3c0, 0x000001ddf3f38f40, 0x000001ddf3f395d0, 0x000001ddf3f3a980,
0x000001ddf3f3b010, 0x000001ddf3f3bd30, 0x000001ddf39090c0, 0x000001ddf390beb0,
0x000001ddf3906ff0, 0x000001ddf390ab00, 0x000001ddf390b820, 0x000001ddf390c540,
0x000001ddf390d260, 0x000001ddf390a470, 0x000001ddf3908a30, 0x000001ddf390b190,
0x000001ddf390cbd0, 0x000001ddf390df80, 0x000001ddf3907680, 0x000001ddf3907d10,
0x000001ddf390e610, 0x000001ddf39083a0, 0x000001ddf3909750, 0x000001ddf3909de0,
0x000001ddf554aa90
}

Java Threads: ( => current thread )
  0x000001dd95d416e0 JavaThread "main"                              [_thread_blocked, id=10656, stack(0x0000002ef0a00000,0x0000002ef0b00000) (1024K)]
  0x000001dd95dfcad0 JavaThread "Reference Handler"          daemon [_thread_blocked, id=27772, stack(0x0000002ef0f00000,0x0000002ef1000000) (1024K)]
  0x000001dd95dfdc60 JavaThread "Finalizer"                  daemon [_thread_blocked, id=24192, stack(0x0000002ef1000000,0x0000002ef1100000) (1024K)]
  0x000001dd95cb65c0 JavaThread "Signal Dispatcher"          daemon [_thread_blocked, id=18192, stack(0x0000002ef1100000,0x0000002ef1200000) (1024K)]
  0x000001dd95cb94e0 JavaThread "Attach Listener"            daemon [_thread_blocked, id=35604, stack(0x0000002ef1200000,0x0000002ef1300000) (1024K)]
  0x000001dd95cbd0b0 JavaThread "Service Thread"             daemon [_thread_blocked, id=37308, stack(0x0000002ef1300000,0x0000002ef1400000) (1024K)]
  0x000001dd95cbdb00 JavaThread "Monitor Deflation Thread"   daemon [_thread_blocked, id=21236, stack(0x0000002ef1400000,0x0000002ef1500000) (1024K)]
=>0x000001dd95cc0e40 JavaThread "C2 CompilerThread0"         daemon [_thread_in_native, id=17432, stack(0x0000002ef1500000,0x0000002ef1600000) (1024K)]
  0x000001dd95cc1db0 JavaThread "C1 CompilerThread0"         daemon [_thread_blocked, id=29012, stack(0x0000002ef1600000,0x0000002ef1700000) (1024K)]
  0x000001ddf30c1750 JavaThread "Common-Cleaner"             daemon [_thread_blocked, id=38164, stack(0x0000002ef1700000,0x0000002ef1800000) (1024K)]
  0x000001ddf331d650 JavaThread "Notification Thread"        daemon [_thread_blocked, id=21616, stack(0x0000002ef1800000,0x0000002ef1900000) (1024K)]
  0x000001ddf3c16bd0 JavaThread "Active Thread: Equinox Container: ccc2387d-10fd-44b9-8452-cef2bfde27ba"        [_thread_blocked, id=37452, stack(0x0000002ef2000000,0x0000002ef2100000) (1024K)]
  0x000001ddf3e402f0 JavaThread "Refresh Thread: Equinox Container: ccc2387d-10fd-44b9-8452-cef2bfde27ba" daemon [_thread_blocked, id=19320, stack(0x0000002ef2100000,0x0000002ef2200000) (1024K)]
  0x000001ddf3a54ae0 JavaThread "Framework Event Dispatcher: Equinox Container: ccc2387d-10fd-44b9-8452-cef2bfde27ba" daemon [_thread_blocked, id=35760, stack(0x0000002ef1900000,0x0000002ef1a00000) (1024K)]
  0x000001ddf3a55510 JavaThread "Start Level: Equinox Container: ccc2387d-10fd-44b9-8452-cef2bfde27ba" daemon [_thread_blocked, id=28300, stack(0x0000002ef2300000,0x0000002ef2400000) (1024K)]
  0x000001ddf43a9b40 JavaThread "Bundle File Closer"         daemon [_thread_blocked, id=36660, stack(0x0000002ef2500000,0x0000002ef2600000) (1024K)]
  0x000001ddf43da030 JavaThread "SCR Component Actor"        daemon [_thread_blocked, id=26500, stack(0x0000002ef2600000,0x0000002ef2700000) (1024K)]
  0x000001ddf3f39c60 JavaThread "Worker-JM"                         [_thread_blocked, id=28852, stack(0x0000002ef2700000,0x0000002ef2800000) (1024K)]
  0x000001ddf3f3a2f0 JavaThread "JNA Cleaner"                daemon [_thread_blocked, id=31128, stack(0x0000002ef2800000,0x0000002ef2900000) (1024K)]
  0x000001ddf3f3b6a0 JavaThread "Worker-0"                          [_thread_blocked, id=38504, stack(0x0000002ef2900000,0x0000002ef2a00000) (1024K)]
  0x000001ddf3f3c3c0 JavaThread "Worker-1: Publish Diagnostics"        [_thread_in_native, id=7120, stack(0x0000002ef2a00000,0x0000002ef2b00000) (1024K)]
  0x000001ddf3f38f40 JavaThread "Worker-2"                          [_thread_blocked, id=36772, stack(0x0000002ef2c00000,0x0000002ef2d00000) (1024K)]
  0x000001ddf3f395d0 JavaThread "Java indexing"              daemon [_thread_blocked, id=6444, stack(0x0000002ef2d00000,0x0000002ef2e00000) (1024K)]
  0x000001ddf3f3a980 JavaThread "Worker-3: Initialize Workspace"        [_thread_blocked, id=27492, stack(0x0000002ef2e00000,0x0000002ef2f00000) (1024K)]
  0x000001ddf3f3b010 JavaThread "Worker-4"                          [_thread_blocked, id=28104, stack(0x0000002ef2f00000,0x0000002ef3000000) (1024K)]
  0x000001ddf3f3bd30 JavaThread "Thread-2"                   daemon [_thread_in_native, id=38692, stack(0x0000002ef3000000,0x0000002ef3100000) (1024K)]
  0x000001ddf39090c0 JavaThread "Thread-3"                   daemon [_thread_in_native, id=8808, stack(0x0000002ef3100000,0x0000002ef3200000) (1024K)]
  0x000001ddf390beb0 JavaThread "Thread-4"                   daemon [_thread_in_native, id=34904, stack(0x0000002ef3200000,0x0000002ef3300000) (1024K)]
  0x000001ddf3906ff0 JavaThread "Thread-5"                   daemon [_thread_in_native, id=6360, stack(0x0000002ef3300000,0x0000002ef3400000) (1024K)]
  0x000001ddf390ab00 JavaThread "Thread-6"                   daemon [_thread_in_native, id=19148, stack(0x0000002ef3400000,0x0000002ef3500000) (1024K)]
  0x000001ddf390b820 JavaThread "Thread-7"                   daemon [_thread_in_native, id=36116, stack(0x0000002ef3500000,0x0000002ef3600000) (1024K)]
  0x000001ddf390c540 JavaThread "Thread-8"                   daemon [_thread_in_native, id=17864, stack(0x0000002ef3600000,0x0000002ef3700000) (1024K)]
  0x000001ddf390d260 JavaThread "Thread-9"                   daemon [_thread_in_native, id=5320, stack(0x0000002ef3700000,0x0000002ef3800000) (1024K)]
  0x000001ddf390a470 JavaThread "Thread-10"                  daemon [_thread_in_native, id=2836, stack(0x0000002ef3800000,0x0000002ef3900000) (1024K)]
  0x000001ddf3908a30 JavaThread "pool-2-thread-1"                   [_thread_blocked, id=4564, stack(0x0000002ef3900000,0x0000002ef3a00000) (1024K)]
  0x000001ddf390b190 JavaThread "WorkspaceEventsHandler"            [_thread_blocked, id=17368, stack(0x0000002ef3a00000,0x0000002ef3b00000) (1024K)]
  0x000001ddf390cbd0 JavaThread "pool-1-thread-1"                   [_thread_blocked, id=34604, stack(0x0000002ef3b00000,0x0000002ef3c00000) (1024K)]
  0x000001ddf390df80 JavaThread "Worker-5"                          [_thread_blocked, id=37912, stack(0x0000002ef2400000,0x0000002ef2500000) (1024K)]
  0x000001ddf3907680 JavaThread "ForkJoinPool.commonPool-worker-2" daemon [_thread_in_native, id=28944, stack(0x0000002ef2b00000,0x0000002ef2c00000) (1024K)]
  0x000001ddf3907d10 JavaThread "ForkJoinPool.commonPool-worker-1" daemon [_thread_blocked, id=22220, stack(0x0000002ef3c00000,0x0000002ef3d00000) (1024K)]
  0x000001ddf390e610 JavaThread "ForkJoinPool.commonPool-worker-3" daemon [_thread_blocked, id=32388, stack(0x0000002ef3d00000,0x0000002ef3e00000) (1024K)]
  0x000001ddf39083a0 JavaThread "ForkJoinPool.commonPool-worker-4" daemon [_thread_blocked, id=17628, stack(0x0000002ef3e00000,0x0000002ef3f00000) (1024K)]
  0x000001ddf3909750 JavaThread "ForkJoinPool.commonPool-worker-5" daemon [_thread_blocked, id=32908, stack(0x0000002ef3f00000,0x0000002ef4000000) (1024K)]
  0x000001ddf3909de0 JavaThread "ForkJoinPool.commonPool-worker-7" daemon [_thread_blocked, id=28444, stack(0x0000002ef4000000,0x0000002ef4100000) (1024K)]
  0x000001ddf554aa90 JavaThread "ForkJoinPool.commonPool-worker-6" daemon [_thread_blocked, id=16476, stack(0x0000002ef4100000,0x0000002ef4200000) (1024K)]
Total: 45

Other Threads:
  0x000001dd95de0b50 VMThread "VM Thread"                           [id=35300, stack(0x0000002ef0e00000,0x0000002ef0f00000) (1024K)]
  0x000001dd95dadba0 WatcherThread "VM Periodic Task Thread"        [id=21424, stack(0x0000002ef0d00000,0x0000002ef0e00000) (1024K)]
  0x000001dd95d60bb0 WorkerThread "GC Thread#0"                     [id=36384, stack(0x0000002ef0c00000,0x0000002ef0d00000) (1024K)]
  0x000001ddf3cf3a60 WorkerThread "GC Thread#1"                     [id=29836, stack(0x0000002ef1a00000,0x0000002ef1b00000) (1024K)]
  0x000001ddf345b150 WorkerThread "GC Thread#2"                     [id=9936, stack(0x0000002ef1b00000,0x0000002ef1c00000) (1024K)]
  0x000001ddf345b4f0 WorkerThread "GC Thread#3"                     [id=35024, stack(0x0000002ef1c00000,0x0000002ef1d00000) (1024K)]
  0x000001ddf345b890 WorkerThread "GC Thread#4"                     [id=12228, stack(0x0000002ef1d00000,0x0000002ef1e00000) (1024K)]
  0x000001ddf338e780 WorkerThread "GC Thread#5"                     [id=34172, stack(0x0000002ef1e00000,0x0000002ef1f00000) (1024K)]
  0x000001ddf338eb20 WorkerThread "GC Thread#6"                     [id=3916, stack(0x0000002ef1f00000,0x0000002ef2000000) (1024K)]
  0x000001ddf3e40950 WorkerThread "GC Thread#7"                     [id=19280, stack(0x0000002ef2200000,0x0000002ef2300000) (1024K)]
Total: 10

Threads with active compile tasks:
C2 CompilerThread0  52383 10764   !   4       org.eclipse.jdt.internal.core.util.DeduplicationUtil::intern (149 bytes)
Total: 1

VM state: not at safepoint (normal execution)

VM Mutex/Monitor currently owned by a thread: None

Heap address: 0x0000000080000000, size: 2048 MB, Compressed Oops mode: 32-bit

CDS archive(s) mapped at: [0x000001ddad000000-0x000001ddadba0000-0x000001ddadba0000), size 12189696, SharedBaseAddress: 0x000001ddad000000, ArchiveRelocationMode: 1.
Compressed class space mapped at: 0x000001ddae000000-0x000001ddee000000, reserved size: 1073741824
Narrow klass base: 0x000001ddad000000, Narrow klass shift: 0, Narrow klass range: 0x100000000

GC Precious Log:
 CardTable entry size: 512
 CPUs: 8 total, 8 available
 Memory: 8014M
 Large Page Support: Disabled
 NUMA Support: Disabled
 Compressed Oops: Enabled (32-bit)
 Alignments: Space 512K, Generation 512K, Heap 2M
 Heap Min Capacity: 100M
 Heap Initial Capacity: 100M
 Heap Max Capacity: 2G
 Pre-touch: Disabled
 Parallel Workers: 8

Heap:
 PSYoungGen      total 5120K, used 3262K [0x00000000d5580000, 0x00000000d5c00000, 0x0000000100000000)
  eden space 4608K, 65% used [0x00000000d5580000,0x00000000d5877ad0,0x00000000d5a00000)
  from space 512K, 43% used [0x00000000d5b00000,0x00000000d5b38000,0x00000000d5b80000)
  to   space 512K, 0% used [0x00000000d5b80000,0x00000000d5b80000,0x00000000d5c00000)
 ParOldGen       total 445440K, used 214722K [0x0000000080000000, 0x000000009b300000, 0x00000000d5580000)
  object space 445440K, 48% used [0x0000000080000000,0x000000008d1b08b0,0x000000009b300000)
 Metaspace       used 60056K, committed 61504K, reserved 1114112K
  class space    used 6352K, committed 7040K, reserved 1048576K

Card table byte_map: [0x000001dd956e0000,0x000001dd95af0000] _byte_map_base: 0x000001dd952e0000

Marking Bits: (ParMarkBitMap*) 0x00007ffec236a340
 Begin Bits: [0x000001dda81e0000, 0x000001ddaa1e0000)
 End Bits:   [0x000001ddaa1e0000, 0x000001ddac1e0000)

Polling page: 0x000001dd93bd0000

Metaspace:

Usage:
  Non-class:     52.45 MB used.
      Class:      6.20 MB used.
       Both:     58.65 MB used.

Virtual space:
  Non-class space:       64.00 MB reserved,      53.19 MB ( 83%) committed,  1 nodes.
      Class space:        1.00 GB reserved,       6.88 MB ( <1%) committed,  1 nodes.
             Both:        1.06 GB reserved,      60.06 MB (  6%) committed. 

Chunk freelists:
   Non-Class:  9.89 MB
       Class:  9.00 MB
        Both:  18.89 MB

MaxMetaspaceSize: unlimited
CompressedClassSpaceSize: 1.00 GB
Initial GC threshold: 21.00 MB
Current GC threshold: 97.31 MB
CDS: on
 - commit_granule_bytes: 65536.
 - commit_granule_words: 8192.
 - virtual_space_node_default_size: 8388608.
 - enlarge_chunks_in_place: 1.
 - use_allocation_guard: 0.


Internal statistics:

num_allocs_failed_limit: 9.
num_arena_births: 1136.
num_arena_deaths: 14.
num_vsnodes_births: 2.
num_vsnodes_deaths: 0.
num_space_committed: 961.
num_space_uncommitted: 0.
num_chunks_returned_to_freelist: 23.
num_chunks_taken_from_freelist: 3959.
num_chunk_merges: 7.
num_chunk_splits: 2401.
num_chunks_enlarged: 1339.
num_inconsistent_stats: 0.

CodeHeap 'non-profiled nmethods': size=120000Kb used=7293Kb max_used=7293Kb free=112706Kb
 bounds [0x000001dda0a00000, 0x000001dda1120000, 0x000001dda7f30000]
CodeHeap 'profiled nmethods': size=120000Kb used=21433Kb max_used=21433Kb free=98567Kb
 bounds [0x000001dd98f30000, 0x000001dd9a420000, 0x000001dda0460000]
CodeHeap 'non-nmethods': size=5760Kb used=1415Kb max_used=1511Kb free=4344Kb
 bounds [0x000001dda0460000, 0x000001dda06d0000, 0x000001dda0a00000]
CodeCache: size=245760Kb, used=30141Kb, max_used=30237Kb, free=215617Kb
 total_blobs=10720, nmethods=9992, adapters=634, full_count=0
Compilation: enabled, stopped_count=0, restarted_count=0

Compilation events (20 events):
Event: 52.156 Thread 0x000001dd95cc1db0 10775       3       org.eclipse.core.internal.resources.Resource::hashCode (8 bytes)
Event: 52.157 Thread 0x000001dd95cc1db0 nmethod 10775 0x000001dd9a417510 code [0x000001dd9a4176c0, 0x000001dd9a417930]
Event: 52.164 Thread 0x000001dd95cc1db0 10779   !   3       org.eclipse.jdt.internal.core.JavaElement::openWhenClosed (172 bytes)
Event: 52.169 Thread 0x000001dd95cc1db0 nmethod 10779 0x000001dd9a417a10 code [0x000001dd9a417e80, 0x000001dd9a41a7f8]
Event: 52.202 Thread 0x000001dd95cc1db0 10780       3       org.eclipse.jdt.internal.core.PackageFragmentRootInfo::<init> (25 bytes)
Event: 52.202 Thread 0x000001dd95cc1db0 nmethod 10780 0x000001dd9a41b710 code [0x000001dd9a41b8c0, 0x000001dd9a41bb48]
Event: 52.203 Thread 0x000001dd95cc1db0 10781       3       java.util.HashMap$EntrySet::size (8 bytes)
Event: 52.203 Thread 0x000001dd95cc1db0 nmethod 10781 0x000001dd9a41bc90 code [0x000001dd9a41be20, 0x000001dd9a41bf38]
Event: 52.203 Thread 0x000001dd95cc1db0 10782       3       java.util.AbstractMap::keySet (25 bytes)
Event: 52.204 Thread 0x000001dd95cc1db0 nmethod 10782 0x000001dd9a41c010 code [0x000001dd9a41c1e0, 0x000001dd9a41c528]
Event: 52.204 Thread 0x000001dd95cc1db0 10783       3       java.util.AbstractMap$1::<init> (10 bytes)
Event: 52.204 Thread 0x000001dd95cc1db0 nmethod 10783 0x000001dd9a41c690 code [0x000001dd9a41c840, 0x000001dd9a41ca80]
Event: 52.205 Thread 0x000001dd95cc1db0 10784       3       java.util.ImmutableCollections$AbstractImmutableMap::<init> (5 bytes)
Event: 52.206 Thread 0x000001dd95cc1db0 nmethod 10784 0x000001dd9a41cb90 code [0x000001dd9a41cd40, 0x000001dd9a41cf08]
Event: 52.213 Thread 0x000001dd95cc1db0 10785       3       org.eclipse.jdt.internal.core.util.LRUCache::privateAdd (20 bytes)
Event: 52.213 Thread 0x000001dd95cc1db0 nmethod 10785 0x000001dd9a41d010 code [0x000001dd9a41d1c0, 0x000001dd9a41d4e8]
Event: 52.217 Thread 0x000001dd95cc1db0 10787       3       java.util.AbstractMap$1::iterator (9 bytes)
Event: 52.217 Thread 0x000001dd95cc1db0 nmethod 10787 0x000001dd9a41d610 code [0x000001dd9a41d7e0, 0x000001dd9a41dbd8]
Event: 52.217 Thread 0x000001dd95cc1db0 10788       3       java.util.AbstractMap$1$1::<init> (29 bytes)
Event: 52.217 Thread 0x000001dd95cc1db0 nmethod 10788 0x000001dd9a41dd90 code [0x000001dd9a41df60, 0x000001dd9a41e2a8]

GC Heap History (20 events):
Event: 51.104 GC heap before
{Heap before GC invocations=483 (full 3):
 PSYoungGen      total 5120K, used 4976K [0x00000000d5580000, 0x00000000d5c00000, 0x0000000100000000)
  eden space 4608K, 100% used [0x00000000d5580000,0x00000000d5a00000,0x00000000d5a00000)
  from space 512K, 72% used [0x00000000d5b00000,0x00000000d5b5c3f8,0x00000000d5b80000)
  to   space 512K, 0% used [0x00000000d5b80000,0x00000000d5b80000,0x00000000d5c00000)
 ParOldGen       total 445440K, used 213144K [0x0000000080000000, 0x000000009b300000, 0x00000000d5580000)
  object space 445440K, 47% used [0x0000000080000000,0x000000008d026198,0x000000009b300000)
 Metaspace       used 60042K, committed 61504K, reserved 1114112K
  class space    used 6352K, committed 7040K, reserved 1048576K
}
Event: 51.106 GC heap after
{Heap after GC invocations=483 (full 3):
 PSYoungGen      total 5120K, used 352K [0x00000000d5580000, 0x00000000d5c00000, 0x0000000100000000)
  eden space 4608K, 0% used [0x00000000d5580000,0x00000000d5580000,0x00000000d5a00000)
  from space 512K, 68% used [0x00000000d5b80000,0x00000000d5bd8230,0x00000000d5c00000)
  to   space 512K, 0% used [0x00000000d5b00000,0x00000000d5b00000,0x00000000d5b80000)
 ParOldGen       total 445440K, used 213370K [0x0000000080000000, 0x000000009b300000, 0x00000000d5580000)
  object space 445440K, 47% used [0x0000000080000000,0x000000008d05e940,0x000000009b300000)
 Metaspace       used 60042K, committed 61504K, reserved 1114112K
  class space    used 6352K, committed 7040K, reserved 1048576K
}
Event: 51.370 GC heap before
{Heap before GC invocations=484 (full 3):
 PSYoungGen      total 5120K, used 4960K [0x00000000d5580000, 0x00000000d5c00000, 0x0000000100000000)
  eden space 4608K, 100% used [0x00000000d5580000,0x00000000d5a00000,0x00000000d5a00000)
  from space 512K, 68% used [0x00000000d5b80000,0x00000000d5bd8230,0x00000000d5c00000)
  to   space 512K, 0% used [0x00000000d5b00000,0x00000000d5b00000,0x00000000d5b80000)
 ParOldGen       total 445440K, used 213370K [0x0000000080000000, 0x000000009b300000, 0x00000000d5580000)
  object space 445440K, 47% used [0x0000000080000000,0x000000008d05e940,0x000000009b300000)
 Metaspace       used 60043K, committed 61504K, reserved 1114112K
  class space    used 6352K, committed 7040K, reserved 1048576K
}
Event: 51.372 GC heap after
{Heap after GC invocations=484 (full 3):
 PSYoungGen      total 5120K, used 372K [0x00000000d5580000, 0x00000000d5c00000, 0x0000000100000000)
  eden space 4608K, 0% used [0x00000000d5580000,0x00000000d5580000,0x00000000d5a00000)
  from space 512K, 72% used [0x00000000d5b00000,0x00000000d5b5d2c0,0x00000000d5b80000)
  to   space 512K, 0% used [0x00000000d5b80000,0x00000000d5b80000,0x00000000d5c00000)
 ParOldGen       total 445440K, used 213582K [0x0000000080000000, 0x000000009b300000, 0x00000000d5580000)
  object space 445440K, 47% used [0x0000000080000000,0x000000008d093ad0,0x000000009b300000)
 Metaspace       used 60043K, committed 61504K, reserved 1114112K
  class space    used 6352K, committed 7040K, reserved 1048576K
}
Event: 51.388 GC heap before
{Heap before GC invocations=485 (full 3):
 PSYoungGen      total 5120K, used 4980K [0x00000000d5580000, 0x00000000d5c00000, 0x0000000100000000)
  eden space 4608K, 100% used [0x00000000d5580000,0x00000000d5a00000,0x00000000d5a00000)
  from space 512K, 72% used [0x00000000d5b00000,0x00000000d5b5d2c0,0x00000000d5b80000)
  to   space 512K, 0% used [0x00000000d5b80000,0x00000000d5b80000,0x00000000d5c00000)
 ParOldGen       total 445440K, used 213582K [0x0000000080000000, 0x000000009b300000, 0x00000000d5580000)
  object space 445440K, 47% used [0x0000000080000000,0x000000008d093ad0,0x000000009b300000)
 Metaspace       used 60043K, committed 61504K, reserved 1114112K
  class space    used 6352K, committed 7040K, reserved 1048576K
}
Event: 51.390 GC heap after
{Heap after GC invocations=485 (full 3):
 PSYoungGen      total 5120K, used 256K [0x00000000d5580000, 0x00000000d5c00000, 0x0000000100000000)
  eden space 4608K, 0% used [0x00000000d5580000,0x00000000d5580000,0x00000000d5a00000)
  from space 512K, 50% used [0x00000000d5b80000,0x00000000d5bc0000,0x00000000d5c00000)
  to   space 512K, 0% used [0x00000000d5b00000,0x00000000d5b00000,0x00000000d5b80000)
 ParOldGen       total 445440K, used 213784K [0x0000000080000000, 0x000000009b300000, 0x00000000d5580000)
  object space 445440K, 47% used [0x0000000080000000,0x000000008d0c6358,0x000000009b300000)
 Metaspace       used 60043K, committed 61504K, reserved 1114112K
  class space    used 6352K, committed 7040K, reserved 1048576K
}
Event: 52.032 GC heap before
{Heap before GC invocations=486 (full 3):
 PSYoungGen      total 5120K, used 4863K [0x00000000d5580000, 0x00000000d5c00000, 0x0000000100000000)
  eden space 4608K, 99% used [0x00000000d5580000,0x00000000d59ffea8,0x00000000d5a00000)
  from space 512K, 50% used [0x00000000d5b80000,0x00000000d5bc0000,0x00000000d5c00000)
  to   space 512K, 0% used [0x00000000d5b00000,0x00000000d5b00000,0x00000000d5b80000)
 ParOldGen       total 445440K, used 213784K [0x0000000080000000, 0x000000009b300000, 0x00000000d5580000)
  object space 445440K, 47% used [0x0000000080000000,0x000000008d0c6358,0x000000009b300000)
 Metaspace       used 60043K, committed 61504K, reserved 1114112K
  class space    used 6352K, committed 7040K, reserved 1048576K
}
Event: 52.034 GC heap after
{Heap after GC invocations=486 (full 3):
 PSYoungGen      total 5120K, used 363K [0x00000000d5580000, 0x00000000d5c00000, 0x0000000100000000)
  eden space 4608K, 0% used [0x00000000d5580000,0x00000000d5580000,0x00000000d5a00000)
  from space 512K, 71% used [0x00000000d5b00000,0x00000000d5b5afb0,0x00000000d5b80000)
  to   space 512K, 0% used [0x00000000d5b80000,0x00000000d5b80000,0x00000000d5c00000)
 ParOldGen       total 445440K, used 213920K [0x0000000080000000, 0x000000009b300000, 0x00000000d5580000)
  object space 445440K, 48% used [0x0000000080000000,0x000000008d0e8358,0x000000009b300000)
 Metaspace       used 60043K, committed 61504K, reserved 1114112K
  class space    used 6352K, committed 7040K, reserved 1048576K
}
Event: 52.047 GC heap before
{Heap before GC invocations=487 (full 3):
 PSYoungGen      total 5120K, used 4971K [0x00000000d5580000, 0x00000000d5c00000, 0x0000000100000000)
  eden space 4608K, 100% used [0x00000000d5580000,0x00000000d5a00000,0x00000000d5a00000)
  from space 512K, 71% used [0x00000000d5b00000,0x00000000d5b5afb0,0x00000000d5b80000)
  to   space 512K, 0% used [0x00000000d5b80000,0x00000000d5b80000,0x00000000d5c00000)
 ParOldGen       total 445440K, used 213920K [0x0000000080000000, 0x000000009b300000, 0x00000000d5580000)
  object space 445440K, 48% used [0x0000000080000000,0x000000008d0e8358,0x000000009b300000)
 Metaspace       used 60046K, committed 61504K, reserved 1114112K
  class space    used 6352K, committed 7040K, reserved 1048576K
}
Event: 52.050 GC heap after
{Heap after GC invocations=487 (full 3):
 PSYoungGen      total 5120K, used 256K [0x00000000d5580000, 0x00000000d5c00000, 0x0000000100000000)
  eden space 4608K, 0% used [0x00000000d5580000,0x00000000d5580000,0x00000000d5a00000)
  from space 512K, 50% used [0x00000000d5b80000,0x00000000d5bc0000,0x00000000d5c00000)
  to   space 512K, 0% used [0x00000000d5b00000,0x00000000d5b00000,0x00000000d5b80000)
 ParOldGen       total 445440K, used 214148K [0x0000000080000000, 0x000000009b300000, 0x00000000d5580000)
  object space 445440K, 48% used [0x0000000080000000,0x000000008d121360,0x000000009b300000)
 Metaspace       used 60046K, committed 61504K, reserved 1114112K
  class space    used 6352K, committed 7040K, reserved 1048576K
}
Event: 52.061 GC heap before
{Heap before GC invocations=488 (full 3):
 PSYoungGen      total 5120K, used 4864K [0x00000000d5580000, 0x00000000d5c00000, 0x0000000100000000)
  eden space 4608K, 100% used [0x00000000d5580000,0x00000000d5a00000,0x00000000d5a00000)
  from space 512K, 50% used [0x00000000d5b80000,0x00000000d5bc0000,0x00000000d5c00000)
  to   space 512K, 0% used [0x00000000d5b00000,0x00000000d5b00000,0x00000000d5b80000)
 ParOldGen       total 445440K, used 214148K [0x0000000080000000, 0x000000009b300000, 0x00000000d5580000)
  object space 445440K, 48% used [0x0000000080000000,0x000000008d121360,0x000000009b300000)
 Metaspace       used 60046K, committed 61504K, reserved 1114112K
  class space    used 6352K, committed 7040K, reserved 1048576K
}
Event: 52.063 GC heap after
{Heap after GC invocations=488 (full 3):
 PSYoungGen      total 5120K, used 128K [0x00000000d5580000, 0x00000000d5c00000, 0x0000000100000000)
  eden space 4608K, 0% used [0x00000000d5580000,0x00000000d5580000,0x00000000d5a00000)
  from space 512K, 25% used [0x00000000d5b00000,0x00000000d5b20000,0x00000000d5b80000)
  to   space 512K, 0% used [0x00000000d5b80000,0x00000000d5b80000,0x00000000d5c00000)
 ParOldGen       total 445440K, used 214284K [0x0000000080000000, 0x000000009b300000, 0x00000000d5580000)
  object space 445440K, 48% used [0x0000000080000000,0x000000008d143360,0x000000009b300000)
 Metaspace       used 60046K, committed 61504K, reserved 1114112K
  class space    used 6352K, committed 7040K, reserved 1048576K
}
Event: 52.105 GC heap before
{Heap before GC invocations=489 (full 3):
 PSYoungGen      total 5120K, used 4736K [0x00000000d5580000, 0x00000000d5c00000, 0x0000000100000000)
  eden space 4608K, 100% used [0x00000000d5580000,0x00000000d5a00000,0x00000000d5a00000)
  from space 512K, 25% used [0x00000000d5b00000,0x00000000d5b20000,0x00000000d5b80000)
  to   space 512K, 0% used [0x00000000d5b80000,0x00000000d5b80000,0x00000000d5c00000)
 ParOldGen       total 445440K, used 214284K [0x0000000080000000, 0x000000009b300000, 0x00000000d5580000)
  object space 445440K, 48% used [0x0000000080000000,0x000000008d143360,0x000000009b300000)
 Metaspace       used 60047K, committed 61504K, reserved 1114112K
  class space    used 6352K, committed 7040K, reserved 1048576K
}
Event: 52.108 GC heap after
{Heap after GC invocations=489 (full 3):
 PSYoungGen      total 5120K, used 320K [0x00000000d5580000, 0x00000000d5c00000, 0x0000000100000000)
  eden space 4608K, 0% used [0x00000000d5580000,0x00000000d5580000,0x00000000d5a00000)
  from space 512K, 62% used [0x00000000d5b80000,0x00000000d5bd0000,0x00000000d5c00000)
  to   space 512K, 0% used [0x00000000d5b00000,0x00000000d5b00000,0x00000000d5b80000)
 ParOldGen       total 445440K, used 214356K [0x0000000080000000, 0x000000009b300000, 0x00000000d5580000)
  object space 445440K, 48% used [0x0000000080000000,0x000000008d155060,0x000000009b300000)
 Metaspace       used 60047K, committed 61504K, reserved 1114112K
  class space    used 6352K, committed 7040K, reserved 1048576K
}
Event: 52.144 GC heap before
{Heap before GC invocations=490 (full 3):
 PSYoungGen      total 5120K, used 4928K [0x00000000d5580000, 0x00000000d5c00000, 0x0000000100000000)
  eden space 4608K, 100% used [0x00000000d5580000,0x00000000d5a00000,0x00000000d5a00000)
  from space 512K, 62% used [0x00000000d5b80000,0x00000000d5bd0000,0x00000000d5c00000)
  to   space 512K, 0% used [0x00000000d5b00000,0x00000000d5b00000,0x00000000d5b80000)
 ParOldGen       total 445440K, used 214356K [0x0000000080000000, 0x000000009b300000, 0x00000000d5580000)
  object space 445440K, 48% used [0x0000000080000000,0x000000008d155060,0x000000009b300000)
 Metaspace       used 60048K, committed 61504K, reserved 1114112K
  class space    used 6352K, committed 7040K, reserved 1048576K
}
Event: 52.146 GC heap after
{Heap after GC invocations=490 (full 3):
 PSYoungGen      total 5120K, used 320K [0x00000000d5580000, 0x00000000d5c00000, 0x0000000100000000)
  eden space 4608K, 0% used [0x00000000d5580000,0x00000000d5580000,0x00000000d5a00000)
  from space 512K, 62% used [0x00000000d5b00000,0x00000000d5b50000,0x00000000d5b80000)
  to   space 512K, 0% used [0x00000000d5b80000,0x00000000d5b80000,0x00000000d5c00000)
 ParOldGen       total 445440K, used 214554K [0x0000000080000000, 0x000000009b300000, 0x00000000d5580000)
  object space 445440K, 48% used [0x0000000080000000,0x000000008d1868b0,0x000000009b300000)
 Metaspace       used 60048K, committed 61504K, reserved 1114112K
  class space    used 6352K, committed 7040K, reserved 1048576K
}
Event: 52.167 GC heap before
{Heap before GC invocations=491 (full 3):
 PSYoungGen      total 5120K, used 4928K [0x00000000d5580000, 0x00000000d5c00000, 0x0000000100000000)
  eden space 4608K, 100% used [0x00000000d5580000,0x00000000d5a00000,0x00000000d5a00000)
  from space 512K, 62% used [0x00000000d5b00000,0x00000000d5b50000,0x00000000d5b80000)
  to   space 512K, 0% used [0x00000000d5b80000,0x00000000d5b80000,0x00000000d5c00000)
 ParOldGen       total 445440K, used 214554K [0x0000000080000000, 0x000000009b300000, 0x00000000d5580000)
  object space 445440K, 48% used [0x0000000080000000,0x000000008d1868b0,0x000000009b300000)
 Metaspace       used 60054K, committed 61504K, reserved 1114112K
  class space    used 6352K, committed 7040K, reserved 1048576K
}
Event: 52.168 GC heap after
{Heap after GC invocations=491 (full 3):
 PSYoungGen      total 5120K, used 256K [0x00000000d5580000, 0x00000000d5c00000, 0x0000000100000000)
  eden space 4608K, 0% used [0x00000000d5580000,0x00000000d5580000,0x00000000d5a00000)
  from space 512K, 50% used [0x00000000d5b80000,0x00000000d5bc0000,0x00000000d5c00000)
  to   space 512K, 0% used [0x00000000d5b00000,0x00000000d5b00000,0x00000000d5b80000)
 ParOldGen       total 445440K, used 214650K [0x0000000080000000, 0x000000009b300000, 0x00000000d5580000)
  object space 445440K, 48% used [0x0000000080000000,0x000000008d19e8b0,0x000000009b300000)
 Metaspace       used 60054K, committed 61504K, reserved 1114112K
  class space    used 6352K, committed 7040K, reserved 1048576K
}
Event: 52.198 GC heap before
{Heap before GC invocations=492 (full 3):
 PSYoungGen      total 5120K, used 4863K [0x00000000d5580000, 0x00000000d5c00000, 0x0000000100000000)
  eden space 4608K, 99% used [0x00000000d5580000,0x00000000d59fffe8,0x00000000d5a00000)
  from space 512K, 50% used [0x00000000d5b80000,0x00000000d5bc0000,0x00000000d5c00000)
  to   space 512K, 0% used [0x00000000d5b00000,0x00000000d5b00000,0x00000000d5b80000)
 ParOldGen       total 445440K, used 214650K [0x0000000080000000, 0x000000009b300000, 0x00000000d5580000)
  object space 445440K, 48% used [0x0000000080000000,0x000000008d19e8b0,0x000000009b300000)
 Metaspace       used 60054K, committed 61504K, reserved 1114112K
  class space    used 6352K, committed 7040K, reserved 1048576K
}
Event: 52.199 GC heap after
{Heap after GC invocations=492 (full 3):
 PSYoungGen      total 5120K, used 224K [0x00000000d5580000, 0x00000000d5c00000, 0x0000000100000000)
  eden space 4608K, 0% used [0x00000000d5580000,0x00000000d5580000,0x00000000d5a00000)
  from space 512K, 43% used [0x00000000d5b00000,0x00000000d5b38000,0x00000000d5b80000)
  to   space 512K, 0% used [0x00000000d5b80000,0x00000000d5b80000,0x00000000d5c00000)
 ParOldGen       total 445440K, used 214722K [0x0000000080000000, 0x000000009b300000, 0x00000000d5580000)
  object space 445440K, 48% used [0x0000000080000000,0x000000008d1b08b0,0x000000009b300000)
 Metaspace       used 60054K, committed 61504K, reserved 1114112K
  class space    used 6352K, committed 7040K, reserved 1048576K
}

Dll operation events (10 events):
Event: 0.024 Loaded shared library c:\Users\CK-2018(5CG10461ML)\.vscode\extensions\redhat.java-1.45.0-win32-x64\jre\21.0.8-win32-x86_64\bin\java.dll
Event: 0.192 Loaded shared library c:\Users\CK-2018(5CG10461ML)\.vscode\extensions\redhat.java-1.45.0-win32-x64\jre\21.0.8-win32-x86_64\bin\zip.dll
Event: 0.234 Loaded shared library C:\Users\CK-2018(5CG10461ML)\.vscode\extensions\redhat.java-1.45.0-win32-x64\jre\21.0.8-win32-x86_64\bin\instrument.dll
Event: 0.245 Loaded shared library C:\Users\CK-2018(5CG10461ML)\.vscode\extensions\redhat.java-1.45.0-win32-x64\jre\21.0.8-win32-x86_64\bin\net.dll
Event: 0.251 Loaded shared library C:\Users\CK-2018(5CG10461ML)\.vscode\extensions\redhat.java-1.45.0-win32-x64\jre\21.0.8-win32-x86_64\bin\nio.dll
Event: 0.258 Loaded shared library C:\Users\CK-2018(5CG10461ML)\.vscode\extensions\redhat.java-1.45.0-win32-x64\jre\21.0.8-win32-x86_64\bin\zip.dll
Event: 0.296 Loaded shared library C:\Users\CK-2018(5CG10461ML)\.vscode\extensions\redhat.java-1.45.0-win32-x64\jre\21.0.8-win32-x86_64\bin\jimage.dll
Event: 0.484 Loaded shared library c:\Users\CK-2018(5CG10461ML)\.vscode\extensions\redhat.java-1.45.0-win32-x64\jre\21.0.8-win32-x86_64\bin\verify.dll
Event: 3.455 Loaded shared library C:\Users\CK-2018(5CG10461ML)\AppData\Roaming\Code\User\globalStorage\redhat.java\1.45.0\config_win\org.eclipse.equinox.launcher\org.eclipse.equinox.launcher.win32.win32.x86_64_1.2.1400.v20250801-0854\eclipse_11916.dll
Event: 7.929 Loaded shared library C:\Users\CK-2018(5CG10461ML)\AppData\Local\Temp\jna-642676309\jna11058571787315955241.dll

Deoptimization events (20 events):
Event: 51.350 Thread 0x000001ddf3f3c3c0 Uncommon trap: trap_request=0xffffff45 fr.pc=0x000001dda0fb6d0c relative=0x000000000000088c
Event: 51.350 Thread 0x000001ddf3f3c3c0 Uncommon trap: reason=unstable_if action=reinterpret pc=0x000001dda0fb6d0c method=org.eclipse.jdt.internal.compiler.impl.CompilerOptions.versionFromJdkLevel(J)Ljava/lang/String; @ 7 c2
Event: 51.350 Thread 0x000001ddf3f3c3c0 DEOPT PACKING pc=0x000001dda0fb6d0c sp=0x0000002ef2afe3e0
Event: 51.350 Thread 0x000001ddf3f3c3c0 DEOPT UNPACKING pc=0x000001dda04b3aa2 sp=0x0000002ef2afe388 mode 2
Event: 51.803 Thread 0x000001ddf3907680 DEOPT PACKING pc=0x000001dd9a13d0e7 sp=0x0000002ef2bfd7d0
Event: 51.803 Thread 0x000001ddf3907680 DEOPT UNPACKING pc=0x000001dda04b4242 sp=0x0000002ef2bfcd40 mode 0
Event: 51.947 Thread 0x000001ddf3907680 DEOPT PACKING pc=0x000001dd9981e07b sp=0x0000002ef2bfdb10
Event: 51.947 Thread 0x000001ddf3907680 DEOPT UNPACKING pc=0x000001dda04b4242 sp=0x0000002ef2bfcf80 mode 0
Event: 52.097 Thread 0x000001ddf3f3c3c0 Uncommon trap: trap_request=0xfffffff4 fr.pc=0x000001dda10df4ec relative=0x0000000000005ccc
Event: 52.097 Thread 0x000001ddf3f3c3c0 Uncommon trap: reason=null_check action=make_not_entrant pc=0x000001dda10df4ec method=java.util.ArrayList$SubList.equals(Ljava/lang/Object;)Z @ 8 c2
Event: 52.097 Thread 0x000001ddf3f3c3c0 DEOPT PACKING pc=0x000001dda10df4ec sp=0x0000002ef2afe2d0
Event: 52.097 Thread 0x000001ddf3f3c3c0 DEOPT UNPACKING pc=0x000001dda04b3aa2 sp=0x0000002ef2afe1c0 mode 2
Event: 52.104 Thread 0x000001ddf3f3c3c0 Uncommon trap: trap_request=0xfffffff4 fr.pc=0x000001dda0e6922c relative=0x000000000000016c
Event: 52.105 Thread 0x000001ddf3f3c3c0 Uncommon trap: reason=null_check action=make_not_entrant pc=0x000001dda0e6922c method=java.util.ArrayList.equals(Ljava/lang/Object;)Z @ 8 c2
Event: 52.105 Thread 0x000001ddf3f3c3c0 DEOPT PACKING pc=0x000001dda0e6922c sp=0x0000002ef2afe230
Event: 52.105 Thread 0x000001ddf3f3c3c0 DEOPT UNPACKING pc=0x000001dda04b3aa2 sp=0x0000002ef2afe1c0 mode 2
Event: 52.105 Thread 0x000001ddf3f3c3c0 Uncommon trap: trap_request=0xfffffff4 fr.pc=0x000001dda0e5c4c8 relative=0x0000000000000188
Event: 52.105 Thread 0x000001ddf3f3c3c0 Uncommon trap: reason=null_check action=make_not_entrant pc=0x000001dda0e5c4c8 method=java.util.ArrayList$SubList.equals(Ljava/lang/Object;)Z @ 8 c2
Event: 52.105 Thread 0x000001ddf3f3c3c0 DEOPT PACKING pc=0x000001dda0e5c4c8 sp=0x0000002ef2afe230
Event: 52.105 Thread 0x000001ddf3f3c3c0 DEOPT UNPACKING pc=0x000001dda04b3aa2 sp=0x0000002ef2afe1c8 mode 2

Classes loaded (20 events):
Event: 26.184 Loading class java/util/stream/ReduceOps$1ReducingSink
Event: 26.184 Loading class java/util/stream/ReduceOps$1ReducingSink done
Event: 33.762 Loading class sun/nio/cs/ISO_8859_1$Encoder
Event: 33.787 Loading class sun/nio/cs/ISO_8859_1$Encoder done
Event: 33.789 Loading class sun/nio/cs/Surrogate$Parser
Event: 33.790 Loading class sun/nio/cs/Surrogate$Parser done
Event: 33.790 Loading class sun/nio/cs/Surrogate
Event: 33.793 Loading class sun/nio/cs/Surrogate done
Event: 39.633 Loading class sun/nio/fs/WindowsFileCopy
Event: 39.643 Loading class sun/nio/fs/WindowsFileCopy done
Event: 40.096 Loading class java/util/concurrent/CompletableFuture$UniApply
Event: 40.099 Loading class java/util/concurrent/CompletableFuture$UniApply done
Event: 40.109 Loading class java/util/concurrent/ForkJoinTask$AdaptedCallable
Event: 40.111 Loading class java/util/concurrent/ForkJoinTask$AdaptedCallable done
Event: 40.126 Loading class java/util/concurrent/CompletableFuture$UniExceptionally
Event: 40.127 Loading class java/util/concurrent/CompletableFuture$UniExceptionally done
Event: 41.021 Loading class java/util/Hashtable$KeySet
Event: 41.022 Loading class java/util/Hashtable$KeySet done
Event: 46.269 Loading class sun/nio/cs/ISO_8859_1$Decoder
Event: 46.271 Loading class sun/nio/cs/ISO_8859_1$Decoder done

Classes unloaded (7 events):
Event: 10.210 Thread 0x000001dd95de0b50 Unloading class 0x000001ddae1a5000 'java/lang/invoke/LambdaForm$MH+0x000001ddae1a5000'
Event: 10.210 Thread 0x000001dd95de0b50 Unloading class 0x000001ddae1a4c00 'java/lang/invoke/LambdaForm$MH+0x000001ddae1a4c00'
Event: 10.210 Thread 0x000001dd95de0b50 Unloading class 0x000001ddae1a4800 'java/lang/invoke/LambdaForm$MH+0x000001ddae1a4800'
Event: 10.210 Thread 0x000001dd95de0b50 Unloading class 0x000001ddae1a4400 'java/lang/invoke/LambdaForm$MH+0x000001ddae1a4400'
Event: 10.210 Thread 0x000001dd95de0b50 Unloading class 0x000001ddae1a4000 'java/lang/invoke/LambdaForm$BMH+0x000001ddae1a4000'
Event: 10.210 Thread 0x000001dd95de0b50 Unloading class 0x000001ddae1a3c00 'java/lang/invoke/LambdaForm$DMH+0x000001ddae1a3c00'
Event: 10.210 Thread 0x000001dd95de0b50 Unloading class 0x000001ddae1a2800 'java/lang/invoke/LambdaForm$DMH+0x000001ddae1a2800'

Classes redefined (0 events):
No events

Internal exceptions (20 events):
Event: 41.029 Thread 0x000001ddf3907680 Exception <a 'java/io/FileNotFoundException'{0x00000000d56718f8}> (0x00000000d56718f8) 
thrown [s\src\hotspot\share\prims\jni.cpp, line 520]
Event: 41.030 Thread 0x000001ddf3907680 Exception <a 'java/io/FileNotFoundException'{0x00000000d5672e10}> (0x00000000d5672e10) 
thrown [s\src\hotspot\share\prims\jni.cpp, line 520]
Event: 41.140 Thread 0x000001ddf3907680 Exception <a 'sun/nio/fs/WindowsException'{0x00000000d577d008}> (0x00000000d577d008) 
thrown [s\src\hotspot\share\prims\jni.cpp, line 520]
Event: 41.140 Thread 0x000001ddf3907680 Exception <a 'sun/nio/fs/WindowsException'{0x00000000d577dc60}> (0x00000000d577dc60) 
thrown [s\src\hotspot\share\prims\jni.cpp, line 520]
Event: 41.141 Thread 0x000001ddf3907680 Exception <a 'sun/nio/fs/WindowsException'{0x00000000d577f308}> (0x00000000d577f308) 
thrown [s\src\hotspot\share\prims\jni.cpp, line 520]
Event: 41.142 Thread 0x000001ddf3907680 Exception <a 'sun/nio/fs/WindowsException'{0x00000000d577ff30}> (0x00000000d577ff30) 
thrown [s\src\hotspot\share\prims\jni.cpp, line 520]
Event: 41.159 Thread 0x000001ddf3907680 Exception <a 'java/io/FileNotFoundException'{0x00000000d57c0858}> (0x00000000d57c0858) 
thrown [s\src\hotspot\share\prims\jni.cpp, line 520]
Event: 41.160 Thread 0x000001ddf3907680 Exception <a 'java/io/FileNotFoundException'{0x00000000d57c1d70}> (0x00000000d57c1d70) 
thrown [s\src\hotspot\share\prims\jni.cpp, line 520]
Event: 41.184 Thread 0x000001ddf3907680 Exception <a 'sun/nio/fs/WindowsException'{0x00000000d5586f10}> (0x00000000d5586f10) 
thrown [s\src\hotspot\share\prims\jni.cpp, line 520]
Event: 41.185 Thread 0x000001ddf3907680 Exception <a 'sun/nio/fs/WindowsException'{0x00000000d55878d8}> (0x00000000d55878d8) 
thrown [s\src\hotspot\share\prims\jni.cpp, line 520]
Event: 41.953 Thread 0x000001ddf3907680 Exception <a 'java/lang/NoSuchMethodError'{0x00000000d5687390}: 'void java.lang.invoke.DirectMethodHandle$Holder.invokeStatic(java.lang.Object, java.lang.Object, java.lang.Object, int)'> (0x00000000d5687390) 
thrown [s\src\hotspot\share\interpreter\linkResolver.cpp, line 773]
Event: 41.987 Thread 0x000001ddf3907680 Exception <a 'java/lang/NoSuchMethodError'{0x00000000d56dc470}: 'void java.lang.invoke.DirectMethodHandle$Holder.invokeVirtual(java.lang.Object, java.lang.Object, int)'> (0x00000000d56dc470) 
thrown [s\src\hotspot\share\interpreter\linkResolver.cpp, line 773]
Event: 45.764 Thread 0x000001ddf3907680 Exception <a 'java/lang/NoSuchMethodError'{0x00000000d5980790}: 'void java.lang.invoke.DirectMethodHandle$Holder.invokeInterface(java.lang.Object, java.lang.Object)'> (0x00000000d5980790) 
thrown [s\src\hotspot\share\interpreter\linkResolver.cpp, line 773]
Event: 47.028 Thread 0x000001ddf3907680 Implicit null exception at 0x000001dda10af9c5 to 0x000001dda10afb84
Event: 47.285 Thread 0x000001ddf3f3c3c0 Implicit null exception at 0x000001dda0ef2c70 to 0x000001dda0ef8888
Event: 47.868 Thread 0x000001ddf3907680 Exception <a 'sun/nio/fs/WindowsException'{0x00000000d5914060}> (0x00000000d5914060) 
thrown [s\src\hotspot\share\prims\jni.cpp, line 520]
Event: 47.868 Thread 0x000001ddf3907680 Exception <a 'sun/nio/fs/WindowsException'{0x00000000d5914988}> (0x00000000d5914988) 
thrown [s\src\hotspot\share\prims\jni.cpp, line 520]
Event: 52.097 Thread 0x000001ddf3f3c3c0 Implicit null exception at 0x000001dda10d9e29 to 0x000001dda10df4cc
Event: 52.104 Thread 0x000001ddf3f3c3c0 Implicit null exception at 0x000001dda0e69109 to 0x000001dda0e69220
Event: 52.105 Thread 0x000001ddf3f3c3c0 Implicit null exception at 0x000001dda0e5c389 to 0x000001dda0e5c4bd

ZGC Phase Switch (0 events):
No events

VM Operations (20 events):
Event: 51.104 Executing VM operation: ParallelGCFailedAllocation (Allocation Failure)
Event: 51.106 Executing VM operation: ParallelGCFailedAllocation (Allocation Failure) done
Event: 51.370 Executing VM operation: ParallelGCFailedAllocation (Allocation Failure)
Event: 51.372 Executing VM operation: ParallelGCFailedAllocation (Allocation Failure) done
Event: 51.388 Executing VM operation: ParallelGCFailedAllocation (Allocation Failure)
Event: 51.390 Executing VM operation: ParallelGCFailedAllocation (Allocation Failure) done
Event: 52.032 Executing VM operation: ParallelGCFailedAllocation (Allocation Failure)
Event: 52.034 Executing VM operation: ParallelGCFailedAllocation (Allocation Failure) done
Event: 52.047 Executing VM operation: ParallelGCFailedAllocation (Allocation Failure)
Event: 52.050 Executing VM operation: ParallelGCFailedAllocation (Allocation Failure) done
Event: 52.061 Executing VM operation: ParallelGCFailedAllocation (Allocation Failure)
Event: 52.063 Executing VM operation: ParallelGCFailedAllocation (Allocation Failure) done
Event: 52.105 Executing VM operation: ParallelGCFailedAllocation (Allocation Failure)
Event: 52.108 Executing VM operation: ParallelGCFailedAllocation (Allocation Failure) done
Event: 52.144 Executing VM operation: ParallelGCFailedAllocation (Allocation Failure)
Event: 52.146 Executing VM operation: ParallelGCFailedAllocation (Allocation Failure) done
Event: 52.167 Executing VM operation: ParallelGCFailedAllocation (Allocation Failure)
Event: 52.168 Executing VM operation: ParallelGCFailedAllocation (Allocation Failure) done
Event: 52.198 Executing VM operation: ParallelGCFailedAllocation (Allocation Failure)
Event: 52.199 Executing VM operation: ParallelGCFailedAllocation (Allocation Failure) done

Memory protections (0 events):
No events

Nmethod flushes (20 events):
Event: 43.462 Thread 0x000001dd95de0b50 flushing  nmethod 0x000001dd99852b10
Event: 43.462 Thread 0x000001dd95de0b50 flushing  nmethod 0x000001dd9986e490
Event: 43.462 Thread 0x000001dd95de0b50 flushing  nmethod 0x000001dd9986eb90
Event: 43.462 Thread 0x000001dd95de0b50 flushing  nmethod 0x000001dd9986f190
Event: 43.462 Thread 0x000001dd95de0b50 flushing  nmethod 0x000001dd9986fa10
Event: 43.462 Thread 0x000001dd95de0b50 flushing  nmethod 0x000001dd99872510
Event: 43.462 Thread 0x000001dd95de0b50 flushing  nmethod 0x000001dd99885290
Event: 43.462 Thread 0x000001dd95de0b50 flushing  nmethod 0x000001dd99887590
Event: 43.462 Thread 0x000001dd95de0b50 flushing  nmethod 0x000001dd9988ec10
Event: 43.462 Thread 0x000001dd95de0b50 flushing  nmethod 0x000001dd9988f010
Event: 43.462 Thread 0x000001dd95de0b50 flushing  nmethod 0x000001dd99890a10
Event: 43.462 Thread 0x000001dd95de0b50 flushing  nmethod 0x000001dd9989af10
Event: 43.462 Thread 0x000001dd95de0b50 flushing  nmethod 0x000001dd9989c510
Event: 43.462 Thread 0x000001dd95de0b50 flushing  nmethod 0x000001dd9989d510
Event: 43.462 Thread 0x000001dd95de0b50 flushing  nmethod 0x000001dd9989ee10
Event: 43.462 Thread 0x000001dd95de0b50 flushing  nmethod 0x000001dd998a6890
Event: 43.462 Thread 0x000001dd95de0b50 flushing  nmethod 0x000001dd998a6d10
Event: 43.462 Thread 0x000001dd95de0b50 flushing  nmethod 0x000001dd998ad210
Event: 43.462 Thread 0x000001dd95de0b50 flushing  nmethod 0x000001dd998add90
Event: 43.462 Thread 0x000001dd95de0b50 flushing  nmethod 0x000001dd998b0690

Events (20 events):
Event: 40.125 Thread 0x000001ddf390cbd0 Thread added: 0x000001ddf3907d10
Event: 40.132 Thread 0x000001ddf3907680 Thread added: 0x000001ddf390e610
Event: 40.134 Thread 0x000001ddf3f3b010 Thread added: 0x000001ddf39083a0
Event: 40.136 Thread 0x000001ddf3907d10 Thread added: 0x000001ddf3909750
Event: 40.139 Thread 0x000001ddf39083a0 Thread added: 0x000001ddf3909de0
Event: 40.143 Thread 0x000001ddf390e610 Thread added: 0x000001ddf554aa90
Event: 41.214 Thread 0x000001ddf3907680 Thread added: 0x000001ddf55489c0
Event: 45.791 Thread 0x000001ddf3907680 Thread added: 0x000001ddf5547610
Event: 45.795 Thread 0x000001ddf3907680 Thread added: 0x000001ddf5547ca0
Event: 45.800 Thread 0x000001ddf3907680 Thread added: 0x000001ddf5548330
Event: 45.804 Thread 0x000001ddf3907680 Thread added: 0x000001ddf55468f0
Event: 45.813 Thread 0x000001ddf3907680 Thread added: 0x000001ddf55496e0
Event: 46.253 Thread 0x000001ddf55489c0 Thread exited: 0x000001ddf55489c0
Event: 46.988 Thread 0x000001ddf5547ca0 Thread exited: 0x000001ddf5547ca0
Event: 46.988 Thread 0x000001ddf55468f0 Thread exited: 0x000001ddf55468f0
Event: 46.988 Thread 0x000001ddf5548330 Thread exited: 0x000001ddf5548330
Event: 46.988 Thread 0x000001ddf5547610 Thread exited: 0x000001ddf5547610
Event: 46.990 Thread 0x000001ddf55496e0 Thread exited: 0x000001ddf55496e0
Event: 47.164 Thread 0x000001dd95cc1db0 Thread added: 0x000001ddf478dae0
Event: 49.522 Thread 0x000001ddf478dae0 Thread exited: 0x000001ddf478dae0


Dynamic libraries:
0x00007ff674d50000 - 0x00007ff674d5e000 	c:\Users\CK-2018(5CG10461ML)\.vscode\extensions\redhat.java-1.45.0-win32-x64\jre\21.0.8-win32-x86_64\bin\java.exe
0x00007fff345b0000 - 0x00007fff347a8000 	C:\windows\SYSTEM32\ntdll.dll
0x00007ffeafea0000 - 0x00007ffeafec0000 	C:\Program Files\Avast Software\Avast\aswhook.dll
0x00007fff339c0000 - 0x00007fff33a7f000 	C:\windows\System32\KERNEL32.DLL
0x00007fff32310000 - 0x00007fff32606000 	C:\windows\System32\KERNELBASE.dll
0x00007fff2f0d0000 - 0x00007fff2f161000 	C:\windows\SYSTEM32\apphelp.dll
0x00007fff31e70000 - 0x00007fff31f70000 	C:\windows\System32\ucrtbase.dll
0x00007fff21940000 - 0x00007fff21958000 	c:\Users\CK-2018(5CG10461ML)\.vscode\extensions\redhat.java-1.45.0-win32-x64\jre\21.0.8-win32-x86_64\bin\jli.dll
0x00007fff32910000 - 0x00007fff32aad000 	C:\windows\System32\USER32.dll
0x00007fff31fc0000 - 0x00007fff31fe2000 	C:\windows\System32\win32u.dll
0x00007fff33b00000 - 0x00007fff33b2c000 	C:\windows\System32\GDI32.dll
0x00007fff32090000 - 0x00007fff321a5000 	C:\windows\System32\gdi32full.dll
0x00007fff1e810000 - 0x00007fff1e82e000 	c:\Users\CK-2018(5CG10461ML)\.vscode\extensions\redhat.java-1.45.0-win32-x64\jre\21.0.8-win32-x86_64\bin\VCRUNTIME140.dll
0x00007fff31ff0000 - 0x00007fff3208d000 	C:\windows\System32\msvcp_win.dll
0x00007fff195b0000 - 0x00007fff1984a000 	C:\windows\WinSxS\amd64_microsoft.windows.common-controls_6595b64144ccf1df_6.0.19041.1110_none_60b5254171f9507e\COMCTL32.dll
0x00007fff344d0000 - 0x00007fff3456e000 	C:\windows\System32\msvcrt.dll
0x00007fff32ab0000 - 0x00007fff32ae0000 	C:\windows\System32\IMM32.DLL
0x00007fff2b840000 - 0x00007fff2b84c000 	c:\Users\CK-2018(5CG10461ML)\.vscode\extensions\redhat.java-1.45.0-win32-x64\jre\21.0.8-win32-x86_64\bin\vcruntime140_1.dll
0x00007fff09880000 - 0x00007fff0990d000 	c:\Users\CK-2018(5CG10461ML)\.vscode\extensions\redhat.java-1.45.0-win32-x64\jre\21.0.8-win32-x86_64\bin\msvcp140.dll
0x00007ffec16b0000 - 0x00007ffec2447000 	c:\Users\CK-2018(5CG10461ML)\.vscode\extensions\redhat.java-1.45.0-win32-x64\jre\21.0.8-win32-x86_64\bin\server\jvm.dll
0x00007fff32730000 - 0x00007fff327df000 	C:\windows\System32\ADVAPI32.dll
0x00007fff34430000 - 0x00007fff344cc000 	C:\windows\System32\sechost.dll
0x00007fff33660000 - 0x00007fff33786000 	C:\windows\System32\RPCRT4.dll
0x00007fff33a90000 - 0x00007fff33afb000 	C:\windows\System32\WS2_32.dll
0x00007fff31a50000 - 0x00007fff31a9b000 	C:\windows\SYSTEM32\POWRPROF.dll
0x00007fff0f4e0000 - 0x00007fff0f507000 	C:\windows\SYSTEM32\WINMM.dll
0x00007fff29870000 - 0x00007fff2987a000 	C:\windows\SYSTEM32\VERSION.dll
0x00007fff31a30000 - 0x00007fff31a42000 	C:\windows\SYSTEM32\UMPDC.dll
0x00007fff30490000 - 0x00007fff304a2000 	C:\windows\SYSTEM32\kernel.appcore.dll
0x00007fff2b220000 - 0x00007fff2b22a000 	c:\Users\CK-2018(5CG10461ML)\.vscode\extensions\redhat.java-1.45.0-win32-x64\jre\21.0.8-win32-x86_64\bin\jimage.dll
0x00007fff301a0000 - 0x00007fff30384000 	C:\windows\SYSTEM32\DBGHELP.DLL
0x00007fff22030000 - 0x00007fff22064000 	C:\windows\SYSTEM32\dbgcore.DLL
0x00007fff31d30000 - 0x00007fff31db2000 	C:\windows\System32\bcryptPrimitives.dll
0x00007fff21dd0000 - 0x00007fff21ddf000 	c:\Users\CK-2018(5CG10461ML)\.vscode\extensions\redhat.java-1.45.0-win32-x64\jre\21.0.8-win32-x86_64\bin\instrument.dll
0x00007fff0ec20000 - 0x00007fff0ec3f000 	c:\Users\CK-2018(5CG10461ML)\.vscode\extensions\redhat.java-1.45.0-win32-x64\jre\21.0.8-win32-x86_64\bin\java.dll
0x00007fff32da0000 - 0x00007fff334e4000 	C:\windows\System32\SHELL32.dll
0x00007fff2f930000 - 0x00007fff300c3000 	C:\windows\SYSTEM32\windows.storage.dll
0x00007fff33fa0000 - 0x00007fff342f4000 	C:\windows\System32\combase.dll
0x00007fff31600000 - 0x00007fff3162e000 	C:\windows\SYSTEM32\Wldp.dll
0x00007fff33910000 - 0x00007fff339bd000 	C:\windows\System32\SHCORE.dll
0x00007fff33600000 - 0x00007fff33655000 	C:\windows\System32\shlwapi.dll
0x00007fff31bd0000 - 0x00007fff31bef000 	C:\windows\SYSTEM32\profapi.dll
0x00007fff09eb0000 - 0x00007fff09ec8000 	c:\Users\CK-2018(5CG10461ML)\.vscode\extensions\redhat.java-1.45.0-win32-x64\jre\21.0.8-win32-x86_64\bin\zip.dll
0x00007fff2eec0000 - 0x00007fff2eed0000 	C:\Users\CK-2018(5CG10461ML)\.vscode\extensions\redhat.java-1.45.0-win32-x64\jre\21.0.8-win32-x86_64\bin\net.dll
0x00007fff264c0000 - 0x00007fff265ca000 	C:\windows\SYSTEM32\WINHTTP.dll
0x00007fff31340000 - 0x00007fff313aa000 	C:\windows\system32\mswsock.dll
0x00007fff28460000 - 0x00007fff28476000 	C:\Users\CK-2018(5CG10461ML)\.vscode\extensions\redhat.java-1.45.0-win32-x64\jre\21.0.8-win32-x86_64\bin\nio.dll
0x00007fff2eeb0000 - 0x00007fff2eec0000 	c:\Users\CK-2018(5CG10461ML)\.vscode\extensions\redhat.java-1.45.0-win32-x64\jre\21.0.8-win32-x86_64\bin\verify.dll
0x00007ffef2d10000 - 0x00007ffef2d54000 	C:\Users\CK-2018(5CG10461ML)\AppData\Roaming\Code\User\globalStorage\redhat.java\1.45.0\config_win\org.eclipse.equinox.launcher\org.eclipse.equinox.launcher.win32.win32.x86_64_1.2.1400.v20250801-0854\eclipse_11916.dll
0x00007fff34300000 - 0x00007fff3442a000 	C:\windows\System32\ole32.dll
0x00007fff31560000 - 0x00007fff31578000 	C:\windows\SYSTEM32\CRYPTSP.dll
0x00007fff30c40000 - 0x00007fff30c74000 	C:\windows\system32\rsaenh.dll
0x00007fff31d00000 - 0x00007fff31d27000 	C:\windows\System32\bcrypt.dll
0x00007fff31b50000 - 0x00007fff31b7e000 	C:\windows\SYSTEM32\USERENV.dll
0x00007fff31550000 - 0x00007fff3155c000 	C:\windows\SYSTEM32\CRYPTBASE.dll
0x00007fff31020000 - 0x00007fff3105c000 	C:\windows\SYSTEM32\IPHLPAPI.DLL
0x00007fff33a80000 - 0x00007fff33a88000 	C:\windows\System32\NSI.dll
0x00007fff28410000 - 0x00007fff28459000 	C:\Users\CK-2018(5CG10461ML)\AppData\Local\Temp\jna-642676309\jna11058571787315955241.dll
0x00007fff32d90000 - 0x00007fff32d98000 	C:\windows\System32\PSAPI.DLL
0x00007fff28570000 - 0x00007fff28587000 	C:\windows\SYSTEM32\dhcpcsvc6.DLL
0x00007fff28550000 - 0x00007fff2856d000 	C:\windows\SYSTEM32\dhcpcsvc.DLL

JVMTI agents:
c:\Users\CK-2018(5CG10461ML)\.vscode\extensions\redhat.java-1.45.0-win32-x64\lombok\lombok-1.18.39-4050.jar path:c:\Users\CK-2018(5CG10461ML)\.vscode\extensions\redhat.java-1.45.0-win32-x64\jre\21.0.8-win32-x86_64\bin\instrument.dll, loaded, initialized, instrumentlib options:none

dbghelp: loaded successfully - version: 4.0.5 - missing functions: none
symbol engine: initialized successfully - sym options: 0x614 - pdb path: .;c:\Users\CK-2018(5CG10461ML)\.vscode\extensions\redhat.java-1.45.0-win32-x64\jre\21.0.8-win32-x86_64\bin;C:\windows\SYSTEM32;C:\Program Files\Avast Software\Avast;C:\windows\WinSxS\amd64_microsoft.windows.common-controls_6595b64144ccf1df_6.0.19041.1110_none_60b5254171f9507e;c:\Users\CK-2018(5CG10461ML)\.vscode\extensions\redhat.java-1.45.0-win32-x64\jre\21.0.8-win32-x86_64\bin\server;C:\Users\CK-2018(5CG10461ML)\AppData\Roaming\Code\User\globalStorage\redhat.java\1.45.0\config_win\org.eclipse.equinox.launcher\org.eclipse.equinox.launcher.win32.win32.x86_64_1.2.1400.v20250801-0854;C:\Users\CK-2018(5CG10461ML)\AppData\Local\Temp\jna-642676309

VM Arguments:
jvm_args: --add-modules=ALL-SYSTEM --add-opens=java.base/java.util=ALL-UNNAMED --add-opens=java.base/java.lang=ALL-UNNAMED --add-opens=java.base/sun.nio.fs=ALL-UNNAMED -Declipse.application=org.eclipse.jdt.ls.core.id1 -Dosgi.bundles.defaultStartLevel=4 -Declipse.product=org.eclipse.jdt.ls.core.product -Djava.import.generatesMetadataFilesAtProjectRoot=false -DDetectVMInstallationsJob.disabled=true -Dfile.encoding=utf8 -XX:+UseParallelGC -XX:GCTimeRatio=4 -XX:AdaptiveSizePolicyWeight=90 -Dsun.zip.disableMemoryMapping=true -Xmx2G -Xms100m -Xlog:disable -javaagent:c:\Users\CK-2018(5CG10461ML)\.vscode\extensions\redhat.java-1.45.0-win32-x64\lombok\lombok-1.18.39-4050.jar -XX:+HeapDumpOnOutOfMemoryError -XX:HeapDumpPath=c:\Users\CK-2018(5CG10461ML)\AppData\Roaming\Code\User\workspaceStorage\d7d019ab5224b61c35b59a270ad635a7\redhat.java -Daether.dependencyCollector.impl=bf 
java_command: c:\Users\CK-2018(5CG10461ML)\.vscode\extensions\redhat.java-1.45.0-win32-x64\server\plugins\org.eclipse.equinox.launcher_1.7.0.v20250519-0528.jar -configuration c:\Users\CK-2018(5CG10461ML)\AppData\Roaming\Code\User\globalStorage\redhat.java\1.45.0\config_win -data c:\Users\CK-2018(5CG10461ML)\AppData\Roaming\Code\User\workspaceStorage\d7d019ab5224b61c35b59a270ad635a7\redhat.java\jdt_ws --pipe=\\.\pipe\lsp-d37ac3c279a56a4abde5539a0eb9ce67-sock
java_class_path (initial): c:\Users\CK-2018(5CG10461ML)\.vscode\extensions\redhat.java-1.45.0-win32-x64\server\plugins\org.eclipse.equinox.launcher_1.7.0.v20250519-0528.jar
Launcher Type: SUN_STANDARD

[Global flags]
    uintx AdaptiveSizePolicyWeight                 = 90                                        {product} {command line}
     intx CICompilerCount                          = 4                                         {product} {ergonomic}
    uintx GCTimeRatio                              = 4                                         {product} {command line}
     bool HeapDumpOnOutOfMemoryError               = true                                   {manageable} {command line}
    ccstr HeapDumpPath                             = c:\Users\CK-2018(5CG10461ML)\AppData\Roaming\Code\User\workspaceStorage\d7d019ab5224b61c35b59a270ad635a7\redhat.java         {manageable} {command line}
   size_t InitialHeapSize                          = 104857600                                 {product} {command line}
   size_t MaxHeapSize                              = 2147483648                                {product} {command line}
   size_t MaxNewSize                               = 715653120                                 {product} {ergonomic}
   size_t MinHeapDeltaBytes                        = 524288                                    {product} {ergonomic}
   size_t MinHeapSize                              = 104857600                                 {product} {command line}
   size_t NewSize                                  = 34603008                                  {product} {ergonomic}
    uintx NonNMethodCodeHeapSize                   = 5839372                                {pd product} {ergonomic}
    uintx NonProfiledCodeHeapSize                  = 122909434                              {pd product} {ergonomic}
   size_t OldSize                                  = 70254592                                  {product} {ergonomic}
    uintx ProfiledCodeHeapSize                     = 122909434                              {pd product} {ergonomic}
    uintx ReservedCodeCacheSize                    = 251658240                              {pd product} {ergonomic}
     bool SegmentedCodeCache                       = true                                      {product} {ergonomic}
   size_t SoftMaxHeapSize                          = 2147483648                             {manageable} {ergonomic}
     bool UseCompressedOops                        = true                           {product lp64_product} {ergonomic}
     bool UseLargePagesIndividualAllocation        = false                                  {pd product} {ergonomic}
     bool UseParallelGC                            = true                                      {product} {command line}

Logging:
Log output configuration:
 #0: stdout all=off uptime,level,tags foldmultilines=false
 #1: stderr all=off uptime,level,tags foldmultilines=false

Environment Variables:
JAVA_HOME=C:\Program Files\Eclipse Adoptium\jdk-21.0.2.13-hotspot
PATH=C:\Program Files\Eclipse Adoptium\jdk-21.0.2.13-hotspot\bin;C:\oracle\product\10.2.0\db_1\bin;C:\Program Files\Java\jdk-18.0.1.1;C:\Program Files\Common Files\Oracle\Java\javapath;C:\Program Files (x86)\VMware\VMware Workstation\bin\;C:\ProgramData\Oracle\Java\javapath;C:\Program Files (x86)\Common Files\Oracle\Java\javapath;C:\Program Files\Java\jdk1.8.0_101\bin;C:\Users\CK-2018(5CG10461ML)\Downloads\cmder\vendor\git-for-windows\mingw64\bin;C:\Program Files\MATLAB\R2021a\bin;C:\Program Files\Java\jdk-18.0.1.1\bin;C:\Program Files\Microsoft SQL Server\Client SDK\ODBC\170\Tools\Binn\;C:\Program Files (x86)\Microsoft SQL Server\150\Tools\Binn\;C:\Program Files\Microsoft SQL Server\150\Tools\Binn\;C:\Program Files\Microsoft SQL Server\150\DTS\Binn\;C:\Program Files (x86)\Microsoft SQL Server\160\DTS\Binn\;C:\Program Files\Azure Data Studio\bin;C:\Program Files\MySQL\MySQL Server 8.0\bin;C:\ProgramData\chocolatey\bin;C:\Program Files\nodejs\;C:\Program Files (x86)\Microsoft SQL Server\110\Tools\Binn\;C:\Program Files (x86)\Microsoft SQL Server\110\DTS\Binn\;C:\Program Files (x86)\Microsoft SQL Server\110\Tools\Binn\ManagementStudio\;C:\Program Files\Git\cmd;C:\Program Files\Docker\Docker\resources\bin;C:\Users\CK-2018\OneDrive\Desktop\apache-maven-3.9.9\bin;C:\Program Files\MongoDB\Server\8.0\bin;C:\ProgramData\chocolatey\lib\maven\apache-maven-3.9.11\bin;C:\Windows\System32\WindowsPowerShell\v1.0;C:\Program Files\MySQL\MySQL Shell 8.0\bin\;D:\Python\Scripts\;D:\Python\;C:\Users\CK-2018(5CG10461ML)\AppData\Local\Programs\Python\Python37-32\Scripts\;C:\Users\CK-2018(5CG10461ML)\AppData\Local\Programs\Python\Python37-32\;C:\Users\CK-2018(5CG10461ML)\AppData\Local\Programs\Python\Python37\Scripts\;C:\Users\CK-2018(5CG10461ML)\AppData\Local\Programs\Python\Python37\;C:\Program Files\Java\jdk1.8.0_101\bin;C:\Users\CK-2018(5CG10461ML)\AppData\Local\Programs\Microsoft VS Code\bin;C:\Program Files\JetBrains\PyCharm Community Edition 2021.1.1\bin;;C:\Users\CK-2018(5CG10461ML)\AppData\Local\Programs\Python\Python37-32;C:\Users\CK-2018(5CG10461ML)\AppData\Local\Programs\Python\Python37-32\Scripts\;C:\Program Files\Azure Data Studio\bin;C:\Users\CK-2018(5CG10461ML)\AppData\Roaming\npm;C:\Windows\System32\WindowsPowerShell\v1.0;
USERNAME=CK-2018(5CG10461ML)
TMPDIR=C:\Users\Public\Documents\Wondershare\CreatorTemp
OS=Windows_NT
PROCESSOR_IDENTIFIER=Intel64 Family 6 Model 142 Stepping 12, GenuineIntel
TMP=C:\Users\CK-201~1\AppData\Local\Temp
TEMP=C:\Users\CK-201~1\AppData\Local\Temp




Periodic native trim disabled

---------------  S Y S T E M  ---------------

OS:
 Windows 10 , 64 bit Build 19041 (10.0.19041.3031)
OS uptime: 16 days 9:18 hours
Hyper-V role detected

CPU: total 8 (initial active 8) (4 cores per cpu, 2 threads per core) family 6 model 142 stepping 12 microcode 0xde, cx8, cmov, fxsr, ht, mmx, 3dnowpref, sse, sse2, sse3, ssse3, sse4.1, sse4.2, popcnt, lzcnt, tsc, tscinvbit, avx, avx2, aes, erms, clmul, bmi1, bmi2, adx, fma, vzeroupper, clflush, clflushopt, hv, rdtscp, f16c
Processor Information for the first 8 processors :
  Max Mhz: 2112, Current Mhz: 1609, Mhz Limit: 1605

Memory: 4k page, system-wide physical 8014M (305M free)
TotalPageFile size 20514M (AvailPageFile size 16M)
current process WorkingSet (physical memory assigned to process): 608M, peak: 634M
current process commit charge ("private bytes"): 708M, peak: 734M

vm_info: OpenJDK 64-Bit Server VM (21.0.8+9-LTS) for windows-amd64 JRE (21.0.8+9-LTS), built on 2025-07-15T00:00:00Z by "admin" with MS VC++ 17.7 (VS2022)

END.
